[1027/151752.522:ERROR:directory_reader_win.cc(43)] FindFirstFile: The system cannot find the path specified. (0x3)
[1027/151752.541:ERROR:filesystem_win.cc(129)] GetFileAttributes C:\Users\Jesse\AppData\Local\AVAST Software\Browser\User Data\Crashpad\attachments\dd2da429-25fc-410c-9665-dca816ebf648: The system cannot find the path specified. (0x3)
[1027/190712.154:ERROR:directory_reader_win.cc(43)] FindFirstFile: The system cannot find the path specified. (0x3)
[1027/201635.670:ERROR:directory_reader_win.cc(43)] FindFirstFile: The system cannot find the path specified. (0x3)
[1029/131444.716:ERROR:directory_reader_win.cc(43)] FindFirstFile: The system cannot find the path specified. (0x3)
[1031/093034.017:ERROR:directory_reader_win.cc(43)] FindFirstFile: The system cannot find the path specified. (0x3)
[1031/132055.637:ERROR:directory_reader_win.cc(43)] FindFirstFile: The system cannot find the path specified. (0x3)
[1103/152124.588:ERROR:directory_reader_win.cc(43)] FindFirstFile: The system cannot find the path specified. (0x3)
[1103/152124.613:ERROR:filesystem_win.cc(129)] GetFileAttributes C:\Users\Jesse\AppData\Local\AVAST Software\Browser\User Data\Crashpad\attachments\6d5124b7-c3a5-40ff-934a-bb0b791a2d22: The system cannot find the path specified. (0x3)
[1105/150905.112:ERROR:directory_reader_win.cc(43)] FindFirstFile: The system cannot find the path specified. (0x3)
[1105/150905.131:ERROR:filesystem_win.cc(129)] GetFileAttributes C:\Users\Jesse\AppData\Local\AVAST Software\Browser\User Data\Crashpad\attachments\7c87765c-bca6-4f61-acde-9077f69aa488: The system cannot find the path specified. (0x3)
[1105/150905.139:ERROR:filesystem_win.cc(129)] GetFileAttributes C:\Users\Jesse\AppData\Local\AVAST Software\Browser\User Data\Crashpad\attachments\4828d497-3c55-46c2-a059-221988435e2f: The system cannot find the path specified. (0x3)
[1105/150905.144:ERROR:filesystem_win.cc(129)] GetFileAttributes C:\Users\Jesse\AppData\Local\AVAST Software\Browser\User Data\Crashpad\attachments\9d46eb35-e731-4046-9f93-accacacefcde: The system cannot find the path specified. (0x3)
[1109/102727.019:ERROR:directory_reader_win.cc(43)] FindFirstFile: The system cannot find the path specified. (0x3)
[1109/144156.517:ERROR:directory_reader_win.cc(43)] FindFirstFile: The system cannot find the path specified. (0x3)
[1111/110317.129:ERROR:directory_reader_win.cc(43)] FindFirstFile: The system cannot find the path specified. (0x3)
[1114/181856.190:ERROR:directory_reader_win.cc(43)] FindFirstFile: The system cannot find the path specified. (0x3)
[1114/181856.226:ERROR:filesystem_win.cc(129)] GetFileAttributes C:\Users\Jesse\AppData\Local\AVAST Software\Browser\User Data\Crashpad\attachments\640fbcde-72b0-4a72-98b0-b4980605b501: The system cannot find the path specified. (0x3)
[1116/153340.329:ERROR:directory_reader_win.cc(43)] FindFirstFile: The system cannot find the path specified. (0x3)
[1117/121924.106:ERROR:directory_reader_win.cc(43)] FindFirstFile: The system cannot find the path specified. (0x3)
[1118/090851.633:ERROR:directory_reader_win.cc(43)] FindFirstFile: The system cannot find the path specified. (0x3)
[1119/141616.279:ERROR:directory_reader_win.cc(43)] FindFirstFile: The system cannot find the path specified. (0x3)
[1120/102145.381:ERROR:directory_reader_win.cc(43)] FindFirstFile: The system cannot find the path specified. (0x3)
[1121/103016.819:ERROR:directory_reader_win.cc(43)] FindFirstFile: The system cannot find the path specified. (0x3)
[1124/135123.156:ERROR:directory_reader_win.cc(43)] FindFirstFile: The system cannot find the path specified. (0x3)
[1124/153306.598:ERROR:directory_reader_win.cc(43)] FindFirstFile: The system cannot find the path specified. (0x3)
[1126/184532.352:ERROR:directory_reader_win.cc(43)] FindFirstFile: The system cannot find the path specified. (0x3)
[1127/152816.666:ERROR:directory_reader_win.cc(43)] FindFirstFile: The system cannot find the path specified. (0x3)
[1128/132823.537:ERROR:directory_reader_win.cc(43)] FindFirstFile: The system cannot find the path specified. (0x3)
[1129/135813.005:ERROR:directory_reader_win.cc(43)] FindFirstFile: The system cannot find the path specified. (0x3)
[1129/135813.056:ERROR:filesystem_win.cc(129)] GetFileAttributes C:\Users\Jesse\AppData\Local\AVAST Software\Browser\User Data\Crashpad\attachments\ae9913ee-e3b8-4d4e-a703-148356858a4f: The system cannot find the path specified. (0x3)
[1201/151132.178:ERROR:directory_reader_win.cc(43)] FindFirstFile: The system cannot find the path specified. (0x3)
[1203/173009.614:ERROR:directory_reader_win.cc(43)] FindFirstFile: The system cannot find the path specified. (0x3)
[1205/162536.765:ERROR:directory_reader_win.cc(43)] FindFirstFile: The system cannot find the path specified. (0x3)
[1205/162536.826:ERROR:filesystem_win.cc(129)] GetFileAttributes C:\Users\Jesse\AppData\Local\AVAST Software\Browser\User Data\Crashpad\attachments\e9a9401d-c5b6-42e6-9fa2-92e5019b8708: The system cannot find the path specified. (0x3)
[1206/161018.495:ERROR:directory_reader_win.cc(43)] FindFirstFile: The system cannot find the path specified. (0x3)
[1208/191923.307:ERROR:directory_reader_win.cc(43)] FindFirstFile: The system cannot find the path specified. (0x3)
[1209/093854.195:ERROR:file_io_win.cc(244)] SetEndOfFile: The requested operation cannot be performed on a file with a user-mapped section open. (0x4C8)
[1209/094805.450:ERROR:filesystem_win.cc(129)] GetFileAttributes C:\Users\Jesse\AppData\Local\AVAST Software\Browser\User Data\Crashpad\attachments\507a4d0f-8d99-4780-bcb7-9ac573e3b9a1: The system cannot find the path specified. (0x3)
[1209/095752.719:ERROR:directory_reader_win.cc(43)] FindFirstFile: The system cannot find the path specified. (0x3)
[1209/095752.747:ERROR:filesystem_win.cc(129)] GetFileAttributes C:\Users\Jesse\AppData\Local\AVAST Software\Browser\User Data\Crashpad\attachments\22da2401-b7d5-4df2-a4a2-25e999ce95e2: The system cannot find the path specified. (0x3)
